<?xml version="1.0" encoding="UTF-8"?>
<!-- Generated by org.testng.reporters.JUnitReportReporter -->
<testsuite name="com.hrm.scripts.VerifyLoginLogout" tests="1" time="6.038" ignored="12" failures="0" timestamp="03 Mar 2017 11:23:13 GMT" skipped="0" hostname="INB-L0063" errors="0">
  <testcase name="testLoginLogout" time="6.038" classname="com.hrm.scripts.VerifyLoginLogout"/>
  <testcase name="initBrowser" classname="com.hrm.common.BaseTest">
    <skipped/>
  </testcase> <!-- initBrowser -->
  <testcase name="initBrowser" classname="com.hrm.common.BaseTest">
    <skipped/>
  </testcase> <!-- initBrowser -->
  <testcase name="initBrowser" classname="com.hrm.common.BaseTest">
    <skipped/>
  </testcase> <!-- initBrowser -->
  <testcase name="closeBrowser" classname="com.hrm.common.BaseTest">
    <skipped/>
  </testcase> <!-- closeBrowser -->
  <testcase name="closeBrowser" classname="com.hrm.common.BaseTest">
    <skipped/>
  </testcase> <!-- closeBrowser -->
  <testcase name="closeBrowser" classname="com.hrm.common.BaseTest">
    <skipped/>
  </testcase> <!-- closeBrowser -->
  <testcase name="closeFramework" classname="com.hrm.common.BaseTest">
    <skipped/>
  </testcase> <!-- closeFramework -->
  <testcase name="closeFramework" classname="com.hrm.common.BaseTest">
    <skipped/>
  </testcase> <!-- closeFramework -->
  <testcase name="closeFramework" classname="com.hrm.common.BaseTest">
    <skipped/>
  </testcase> <!-- closeFramework -->
  <testcase name="initFramework" classname="com.hrm.common.BaseTest">
    <skipped/>
  </testcase> <!-- initFramework -->
  <testcase name="initFramework" classname="com.hrm.common.BaseTest">
    <skipped/>
  </testcase> <!-- initFramework -->
  <testcase name="initFramework" classname="com.hrm.common.BaseTest">
    <skipped/>
  </testcase> <!-- initFramework -->
</testsuite> <!-- com.hrm.scripts.VerifyLoginLogout -->
