<?xml version="1.0" encoding="UTF-8"?>
<!-- Generated by org.testng.reporters.JUnitReportReporter -->
<testsuite name="com.hrm.scripts.VerifyLoginLogout" tests="1" time="7.269" ignored="4" failures="0" timestamp="01 Mar 2017 07:39:17 GMT" skipped="0" hostname="INB-L0063" errors="0">
  <testcase name="testLoginLogout" time="7.269" classname="com.hrm.scripts.VerifyLoginLogout"/>
  <testcase name="initBrowser" classname="com.hrm.common.BaseTest">
    <skipped/>
  </testcase> <!-- initBrowser -->
  <testcase name="closeBrowser" classname="com.hrm.common.BaseTest">
    <skipped/>
  </testcase> <!-- closeBrowser -->
  <testcase name="closeFramework" classname="com.hrm.common.BaseTest">
    <skipped/>
  </testcase> <!-- closeFramework -->
  <testcase name="initFramework" classname="com.hrm.common.BaseTest">
    <skipped/>
  </testcase> <!-- initFramework -->
</testsuite> <!-- com.hrm.scripts.VerifyLoginLogout -->
