<?xml version="1.0" encoding="UTF-8"?>
<!-- Generated by org.testng.reporters.JUnitReportReporter -->
<testsuite name="com.hrm.scripts.VerifyLoginLogout" tests="1" time="9.101" ignored="0" failures="0" timestamp="28 Feb 2017 15:40:44 GMT" skipped="0" hostname="INB-L0063" errors="0">
  <testcase name="testLoginLogout" time="9.101" classname="com.hrm.scripts.VerifyLoginLogout"/>
</testsuite> <!-- com.hrm.scripts.VerifyLoginLogout -->
